This is pdfTeX, Version 3.14159265-2.6-1.40.19 (TeX Live 2018) (preloaded format=pdflatex 2019.4.1)  13 APR 2020 14:21
entering extended mode
 restricted \write18 enabled.
 file:line:error style messages enabled.
 %&-line parsing enabled.
**env.tex
(./env.tex
LaTeX2e <2018-04-01> patch level 2
Babel <3.18> and hyphenation patterns for 84 language(s) loaded.
\c@framework=\count80

./env.tex:3: LaTeX Error: No counter 'section' defined.

See the LaTeX manual or LaTeX Companion for explanation.
Type  H <return>  for immediate help.
 ...                                              
                                                  
l.3 \newtheorem{framework}{Framework}[section]
                                              
? 
./env.tex:3: Emergency stop.
 ...                                              
                                                  
l.3 \newtheorem{framework}{Framework}[section]
                                              
Your command was ignored.
Type  I <command> <return>  to replace it with another command,
or  <return>  to continue without it.

 
Here is how much of TeX's memory you used:
 11 strings out of 492649
 303 string characters out of 6129623
 56400 words of memory out of 5000000
 3993 multiletter control sequences out of 15000+600000
 3640 words of font info for 14 fonts, out of 8000000 for 9000
 1141 hyphenation exceptions out of 8191
 8i,0n,14p,79b,14s stack positions out of 5000i,500n,10000p,200000b,80000s
./env.tex:3:  ==> Fatal error occurred, no output PDF file produced!
